<?xml version="1.0" encoding="UTF-8"?>
<testsuite name="org.example.AppTest" tests="1" skipped="0" failures="0" errors="0" timestamp="2025-06-07T18:37:08.861Z" hostname="DESKTOP-HBJHHOU" time="0.007">
  <properties/>
  <testcase name="appHasAGreeting" classname="org.example.AppTest" time="0.007"/>
  <system-out><![CDATA[]]></system-out>
  <system-err><![CDATA[]]></system-err>
</testsuite>
